<?xml version="1.0" encoding="UTF-8"?>
<!-- Generated by org.testng.reporters.JUnitXMLReporter -->
<testsuite ignored="0" hostname="LAPTOP-8D0MBPQA" failures="0" tests="3" name="Default test" time="0.067" errors="0" timestamp="2024-05-01T11:55:38 IST">
  <testcase classname="Parameterconcept.GroupingClass" name="test1" time="0.011"/>
  <testcase classname="Parameterconcept.GroupingClass" name="test2" time="0.002"/>
  <testcase classname="Parameterconcept.GroupingClass" name="test3" time="0.002"/>
</testsuite> <!-- Default test -->
