<?xml version="1.0" encoding="UTF-8"?>
<!-- Generated by org.testng.reporters.JUnitXMLReporter -->
<testsuite ignored="0" hostname="LAPTOP-8D0MBPQA" failures="1" tests="3" name="Test" time="0.069" errors="0" timestamp="2024-04-27T16:57:50 IST">
  <testcase classname="listeners.TestCase" name="testCaseOne" time="0.009"/>
  <testcase classname="listeners.TestCase" name="testCasehyPen" time="0.001"/>
  <testcase classname="listeners.TestCase" name="testCaseTwo" time="0.006">
    <failure type="java.lang.AssertionError" message="expected [true] but found [false]">
      <![CDATA[java.lang.AssertionError: expected [true] but found [false]
at listeners.TestCase.testCaseTwo(TestCase.java:24)
at java.base/java.util.ArrayList.forEach(ArrayList.java:1596)
... Removed 29 stack frames]]>
    </failure>
  </testcase> <!-- testCaseTwo -->
</testsuite> <!-- Test -->
