<?xml version="1.0" encoding="UTF-8"?>
<!-- Generated by org.testng.reporters.JUnitXMLReporter -->
<testsuite ignored="1" hostname="LAPTOP-8D0MBPQA" failures="0" tests="2" name="Test1" time="0.061" errors="0" timestamp="2024-05-01T10:59:21 IST">
  <testcase classname="Parameterconcept.GroupingClass" name="test1" time="0.011"/>
  <testcase classname="Parameterconcept.GroupingClass" name="test2" time="0.0"/>
  <testcase classname="Parameterconcept.GroupingClass" name="test3" time="0.0">
    <ignored/>
  </testcase> <!-- test3 -->
</testsuite> <!-- Test1 -->
