<?xml version="1.0" encoding="UTF-8"?>
<!-- Generated by org.testng.reporters.JUnitXMLReporter -->
<testsuite ignored="0" hostname="LAPTOP-8D0MBPQA" failures="1" tests="4" name="TestModule1" time="0.076" errors="0" timestamp="2024-04-21T18:18:25 IST">
  <testcase classname="testschecks.DataProviderTc" name="checkingTakingScreenshots" time="0.013">
    <failure type="java.lang.AssertionError" message="expected [true] but found [false]">
      <![CDATA[java.lang.AssertionError: expected [true] but found [false]
at testschecks.DataProviderTc.checkingTakingScreenshots(DataProviderTc.java:45)
at java.base/java.util.ArrayList.forEach(ArrayList.java:1596)
... Removed 33 stack frames]]>
    </failure>
  </testcase> <!-- checkingTakingScreenshots -->
  <testcase classname="testschecks.DataProviderTc" name="dataProviderTestCase" time="0.004"/>
  <testcase classname="testschecks.DataProviderTc" name="dataProviderTestCase" time="0.001"/>
  <testcase classname="testschecks.DataProviderTc" name="dataProviderTestCase" time="0.001"/>
</testsuite> <!-- TestModule1 -->
