<?xml version="1.0" encoding="UTF-8"?>
<testng-results ignored="0" total="3" passed="3" failed="0" skipped="0">
  <reporter-output>
  </reporter-output>
  <suite started-at="2024-05-01T11:55:38 IST" name="Default suite" finished-at="2024-05-01T11:55:38 IST" duration-ms="67">
    <groups>
      <group name="regression">
        <method signature="GroupingClass.test2()[pri:0, instance:Parameterconcept.GroupingClass@4562e04d]" name="test2" class="Parameterconcept.GroupingClass"/>
      </group> <!-- regression -->
      <group name="sanity">
        <method signature="GroupingClass.test2()[pri:0, instance:Parameterconcept.GroupingClass@4562e04d]" name="test2" class="Parameterconcept.GroupingClass"/>
        <method signature="GroupingClass.test3()[pri:0, instance:Parameterconcept.GroupingClass@4562e04d]" name="test3" class="Parameterconcept.GroupingClass"/>
      </group> <!-- sanity -->
    </groups>
    <test started-at="2024-05-01T11:55:38 IST" name="Default test" finished-at="2024-05-01T11:55:38 IST" duration-ms="67">
      <class name="Parameterconcept.GroupingClass">
        <test-method signature="test1()[pri:0, instance:Parameterconcept.GroupingClass@4562e04d]" started-at="2024-05-01T11:55:38 IST" name="test1" finished-at="2024-05-01T11:55:38 IST" duration-ms="11" status="PASS">
          <reporter-output>
          </reporter-output>
        </test-method> <!-- test1 -->
        <test-method signature="test2()[pri:0, instance:Parameterconcept.GroupingClass@4562e04d]" started-at="2024-05-01T11:55:38 IST" name="test2" finished-at="2024-05-01T11:55:38 IST" duration-ms="2" status="PASS">
          <reporter-output>
          </reporter-output>
        </test-method> <!-- test2 -->
        <test-method signature="test3()[pri:0, instance:Parameterconcept.GroupingClass@4562e04d]" started-at="2024-05-01T11:55:38 IST" name="test3" finished-at="2024-05-01T11:55:38 IST" duration-ms="2" status="PASS">
          <reporter-output>
          </reporter-output>
        </test-method> <!-- test3 -->
      </class> <!-- Parameterconcept.GroupingClass -->
    </test> <!-- Default test -->
  </suite> <!-- Default suite -->
</testng-results>
